0 info it worked if it ends with ok
1 verbose cli [ 'D:\\Program Files\\nodejs\\node.exe',
1 verbose cli   'D:\\Program Files\\nodejs\\node_modules\\npm\\bin\\npm-cli.js',
1 verbose cli   'run',
1 verbose cli   'dev' ]
2 info using npm@3.10.10
3 info using node@v6.11.3
4 verbose run-script [ 'predev', 'dev', 'postdev' ]
5 info lifecycle shangwei@0.0.1~predev: shangwei@0.0.1
6 silly lifecycle shangwei@0.0.1~predev: no script for predev, continuing
7 info lifecycle shangwei@0.0.1~dev: shangwei@0.0.1
8 verbose lifecycle shangwei@0.0.1~dev: unsafe-perm in lifecycle true
9 verbose lifecycle shangwei@0.0.1~dev: PATH: D:\Program Files\nodejs\node_modules\npm\bin\node-gyp-bin;F:\ss\shangwei\server\node_modules\.bin;C:\Users\Administrator\bin;D:\Git\mingw64\bin;D:\Git\usr\local\bin;D:\Git\usr\bin;D:\Git\usr\bin;D:\Git\mingw64\bin;D:\Git\usr\bin;C:\Users\Administrator\bin;C:\ProgramData\Oracle\Java\javapath;C:\WINDOWS\system32;C:\WINDOWS;C:\WINDOWS\System32\Wbem;C:\WINDOWS\System32\WindowsPowerShell\v1.0;D:\Git\cmd;C:\Program Files\TortoiseSVN\bin;D:\yarn\bin;C:\WINDOWS\System32\OpenSSH;D:\Android\android-sdk\platform-tools;D:\Android\android-sdk\tools;D:\Program Files\nodejs;C:\Program Files\Java\jdk1.8.0_131\bin;C:\Users\Administrator\AppData\Local\Microsoft\WindowsApps;C:\Users\Administrator\AppData\Local\atom\bin;C:\Users\Administrator\AppData\Local\Yarn\bin;C:\Users\Administrator\AppData\Local\Microsoft\WindowsApps;C:\Users\Administrator\AppData\Roaming\npm;D:\Git\usr\bin\vendor_perl;D:\Git\usr\bin\core_perl
10 verbose lifecycle shangwei@0.0.1~dev: CWD: F:\ss\shangwei\server
11 silly lifecycle shangwei@0.0.1~dev: Args: [ '/d /s /c', 'node app.js' ]
12 silly lifecycle shangwei@0.0.1~dev: Returned: code: 1  signal: null
13 info lifecycle shangwei@0.0.1~dev: Failed to exec dev script
14 verbose stack Error: shangwei@0.0.1 dev: `node app.js`
14 verbose stack Exit status 1
14 verbose stack     at EventEmitter.<anonymous> (D:\Program Files\nodejs\node_modules\npm\lib\utils\lifecycle.js:255:16)
14 verbose stack     at emitTwo (events.js:106:13)
14 verbose stack     at EventEmitter.emit (events.js:191:7)
14 verbose stack     at ChildProcess.<anonymous> (D:\Program Files\nodejs\node_modules\npm\lib\utils\spawn.js:40:14)
14 verbose stack     at emitTwo (events.js:106:13)
14 verbose stack     at ChildProcess.emit (events.js:191:7)
14 verbose stack     at maybeClose (internal/child_process.js:920:16)
14 verbose stack     at Process.ChildProcess._handle.onexit (internal/child_process.js:230:5)
15 verbose pkgid shangwei@0.0.1
16 verbose cwd F:\ss\shangwei\server
17 error Windows_NT 10.0.17134
18 error argv "D:\\Program Files\\nodejs\\node.exe" "D:\\Program Files\\nodejs\\node_modules\\npm\\bin\\npm-cli.js" "run" "dev"
19 error node v6.11.3
20 error npm  v3.10.10
21 error code ELIFECYCLE
22 error shangwei@0.0.1 dev: `node app.js`
22 error Exit status 1
23 error Failed at the shangwei@0.0.1 dev script 'node app.js'.
23 error Make sure you have the latest version of node.js and npm installed.
23 error If you do, this is most likely a problem with the shangwei package,
23 error not with npm itself.
23 error Tell the author that this fails on your system:
23 error     node app.js
23 error You can get information on how to open an issue for this project with:
23 error     npm bugs shangwei
23 error Or if that isn't available, you can get their info via:
23 error     npm owner ls shangwei
23 error There is likely additional logging output above.
24 verbose exit [ 1, true ]
